\BOOKMARK [0][-]{chapter.1}{\376\377\000I\000n\000t\000r\000o\000d\000u\000c\000t\000i\000o\000n}{}% 1
\BOOKMARK [0][-]{chapter.2}{\376\377\000S\000o\000m\000e\000\040\000S\000p\000e\000c\000t\000r\000a\000l\000\040\000T\000r\000i\000p\000l\000e\000s\000\040\000o\000n\000\040\000t\000h\000e\000\040\000F\000u\000z\000z\000y\000\040\000S\000p\000h\000e\000r\000e}{}% 2
\BOOKMARK [1][-]{section.2.1}{\376\377\000C\000a\000n\000o\000n\000i\000c\000a\000l\000\040\000S\000p\000e\000c\000t\000r\000a\000l\000\040\000T\000r\000i\000p\000l\000e\000\040\000o\000f\000\040\000S\0002}{chapter.2}% 3
\BOOKMARK [1][-]{section.2.2}{\376\377\000T\000h\000e\000\040\000F\000u\000z\000z\000y\000\040\000S\000p\000h\000e\000r\000e}{chapter.2}% 4
\BOOKMARK [1][-]{section.2.3}{\376\377\000S\000p\000e\000c\000t\000r\000a\000l\000\040\000T\000r\000i\000p\000l\000e\000s}{chapter.2}% 5
\BOOKMARK [2][-]{subsection.2.3.1}{\376\377\000S\000U\000\050\0002\000\051\000-\000e\000q\000u\000i\000v\000a\000r\000i\000a\000n\000c\000e}{section.2.3}% 6
\BOOKMARK [2][-]{subsection.2.3.2}{\376\377\000T\000h\000e\000\040\000I\000r\000r\000e\000d\000u\000c\000i\000b\000l\000e\000\040\000S\000p\000e\000c\000t\000r\000a\000l\000\040\000T\000r\000i\000p\000l\000e}{section.2.3}% 7
\BOOKMARK [2][-]{subsection.2.3.3}{\376\377\000T\000h\000e\000\040\000F\000u\000l\000l\000\040\000S\000p\000e\000c\000t\000r\000a\000l\000\040\000T\000r\000i\000p\000l\000e}{section.2.3}% 8
\BOOKMARK [1][-]{section.2.4}{\376\377\000C\000o\000h\000e\000r\000e\000n\000t\000\040\000S\000t\000a\000t\000e\000s}{chapter.2}% 9
\BOOKMARK [2][-]{subsection.2.4.1}{\376\377\000G\000e\000n\000e\000r\000a\000l\000\040\000T\000h\000e\000o\000r\000y}{section.2.4}% 10
\BOOKMARK [2][-]{subsection.2.4.2}{\376\377\000S\000U\000\050\0002\000\051\000-\000C\000o\000h\000e\000r\000e\000n\000t\000\040\000S\000t\000a\000t\000e\000s}{section.2.4}% 11
\BOOKMARK [1][-]{section.2.5}{\376\377\000D\000i\000s\000t\000a\000n\000c\000e\000\040\000B\000e\000t\000w\000e\000e\000n\000\040\000F\000a\000m\000i\000l\000i\000e\000s\000\040\000o\000f\000\040\000P\000u\000r\000e\000\040\000S\000t\000a\000t\000e\000s}{chapter.2}% 12
\BOOKMARK [2][-]{subsection.2.5.1}{\376\377\000D\000i\000s\000t\000a\000n\000c\000e\000\040\000B\000e\000t\000w\000e\000e\000n\000\040\000\050\000V\000e\000c\000t\000o\000r\000\051\000\040\000D\000i\000s\000c\000r\000e\000t\000e\000\040\000B\000a\000s\000i\000s\000\040\000S\000t\000a\000t\000e\000s\000\040\000|\000j\000,\000m\000\040\000f\000o\000r\000\040\000A\000r\000b\000i\000t\000r\000a\000r\000y\000\040\000N}{section.2.5}% 13
\BOOKMARK [2][-]{subsection.2.5.2}{\376\377\000T\000h\000e\000\040\000d\000i\000s\000t\000a\000n\000c\000e\000\040\000b\000e\000t\000w\000e\000e\000n\000\040\000N\000=\0001\000\040\000c\000o\000h\000e\000r\000e\000n\000t\000\040\000s\000t\000a\000t\000e\000s}{section.2.5}% 14
\BOOKMARK [2][-]{subsection.2.5.3}{\376\377\000R\000e\000l\000a\000t\000i\000n\000g\000\040\000D\000i\000s\000t\000i\000n\000c\000t\000\040\000N\000'\000s\000\040\000a\000n\000d\000\040\000U\000p\000p\000e\000r\000\040\000B\000o\000u\000n\000d}{section.2.5}% 15
\BOOKMARK [2][-]{subsection.2.5.4}{\376\377\000A\000u\000x\000i\000l\000i\000a\000r\000y\000\040\000D\000i\000s\000t\000a\000n\000c\000e\000\040\000a\000n\000d\000\040\000L\000i\000m\000i\000t}{section.2.5}% 16
\BOOKMARK [0][-]{chapter.3}{\376\377\000T\000h\000e\000\040\000N\000e\000w\000\040\000F\000u\000z\000z\000y\000\040\000S\000p\000h\000e\000r\000e\000s\000\040\000o\000f\000\040\000F\000i\000o\000r\000e\000\040\000a\000n\000d\000\040\000P\000i\000s\000a\000c\000a\000n\000e}{}% 17
\BOOKMARK [1][-]{section.3.1}{\376\377\000G\000e\000n\000e\000r\000a\000l\000\040\000S\000e\000t\000t\000i\000n\000g}{chapter.3}% 18
\BOOKMARK [2][-]{subsection.3.1.1}{\376\377\000C\000o\000n\000s\000t\000r\000u\000c\000t\000i\000o\000n\000\040\000o\000f\000\040\000t\000h\000e\000\040\000A\000l\000g\000e\000b\000r\000a\000s}{section.3.1}% 19
\BOOKMARK [2][-]{subsection.3.1.2}{\376\377\000O\000b\000s\000e\000r\000v\000a\000b\000l\000e\000s}{section.3.1}% 20
\BOOKMARK [1][-]{section.3.2}{\376\377\000C\000o\000n\000s\000t\000r\000u\000c\000t\000i\000o\000n\000\040\000o\000f\000\040\000A\000E\000\040\000f\000o\000r\000\040\000D\000\040\000=\000\040\0002}{chapter.3}% 21
\BOOKMARK [1][-]{section.3.3}{\376\377\000I\000m\000p\000o\000r\000t\000a\000n\000t\000\040\000O\000b\000s\000e\000r\000v\000a\000b\000l\000e\000s\000\040\000a\000n\000d\000\040\000t\000h\000e\000i\000r\000\040\000C\000o\000m\000m\000u\000t\000a\000t\000i\000o\000n\000\040\000R\000e\000l\000a\000t\000i\000o\000n\000s}{chapter.3}% 22
\BOOKMARK [2][-]{subsection.3.3.1}{\376\377\000Q\000u\000a\000n\000t\000u\000m\000\040\000M\000e\000c\000h\000a\000n\000i\000c\000s\000\040\000i\000n\000\040\000R\000\040\0002}{section.3.3}% 23
\BOOKMARK [2][-]{subsection.3.3.2}{\376\377\000G\000e\000n\000e\000r\000a\000l\000\040\000F\000a\000c\000t\000s\000\040\000a\000b\000o\000u\000t\000\040\000A}{section.3.3}% 24
\BOOKMARK [2][-]{subsection.3.3.3}{\376\377\000A\000p\000p\000r\000o\000x\000i\000m\000a\000t\000e\000\040\000A\000c\000t\000i\000o\000n\000\040\000o\000f\000\040\000E\000f\000f\000e\000c\000t\000i\000v\000e\000\040\000O\000b\000s\000e\000r\000v\000a\000b\000l\000e\000s}{section.3.3}% 25
\BOOKMARK [1][-]{section.3.4}{\376\377\000R\000e\000a\000l\000i\000z\000a\000t\000i\000o\000n\000\040\000o\000f\000\040\000A\000\040\000t\000h\000r\000o\000u\000g\000h\000\040\000U\000\050\000s\000o\000\050\0003\000\051\000\051}{chapter.3}% 26
\BOOKMARK [1][-]{section.3.5}{\376\377\000C\000o\000n\000v\000e\000r\000g\000e\000n\000c\000e}{chapter.3}% 27
\BOOKMARK [2][-]{subsection.3.5.1}{\376\377\000T\000o\000\040\000q\000u\000a\000n\000t\000u\000m\000\040\000m\000e\000c\000h\000a\000n\000i\000c\000s\000\040\000i\000n\000\040\000S\0001}{section.3.5}% 28
\BOOKMARK [2][-]{subsection.3.5.2}{\376\377\000T\000o\000\040\000c\000o\000m\000m\000u\000t\000a\000t\000i\000v\000e\000\040\000a\000l\000g\000e\000b\000r\000a\000\040\000C\000\050\000S\0001\000\051}{section.3.5}% 29
\BOOKMARK [0][-]{chapter.4}{\376\377\000S\000y\000s\000t\000e\000m\000s\000\040\000o\000f\000\040\000C\000o\000h\000e\000r\000e\000n\000t\000\040\000S\000t\000a\000t\000e\000s\000\040\000o\000n\000\040\000t\000h\000e\000\040\000N\000e\000w\000\040\000F\000u\000z\000z\000y\000\040\000S\000p\000h\000e\000r\000e\000s}{}% 30
\BOOKMARK [1][-]{section.4.1}{\376\377\000A\000n\000g\000u\000l\000a\000r\000\040\000M\000o\000m\000e\000n\000t\000u\000m\000\040\000S\000a\000t\000u\000r\000a\000t\000i\000n\000g\000\040\000C\000o\000h\000e\000r\000e\000n\000t\000\040\000S\000t\000a\000t\000e\000s}{chapter.4}% 31
\BOOKMARK [1][-]{section.4.2}{\376\377\000S\000O\000\050\0002\000\051\000-\000i\000n\000v\000a\000r\000i\000a\000n\000t\000\040\000F\000a\000m\000i\000l\000i\000e\000s\000\040\000o\000f\000\040\000S\000t\000r\000o\000n\000g\000\040\000C\000o\000h\000e\000r\000e\000n\000t\000\040\000S\000t\000a\000t\000e\000s}{chapter.4}% 32
\BOOKMARK [1][-]{section.4.3}{\376\377\000C\000o\000h\000e\000r\000e\000n\000t\000\040\000S\000t\000a\000t\000e\000s\000\040\000M\000i\000n\000i\000m\000i\000z\000i\000n\000g\000\040\000t\000h\000e\000\040\000S\000q\000u\000a\000r\000e\000\040\000D\000i\000s\000t\000a\000n\000c\000e}{chapter.4}% 33
\BOOKMARK [0][-]{chapter.5}{\376\377\000F\000i\000n\000a\000l\000\040\000R\000e\000m\000a\000r\000k\000s\000\040\000a\000n\000d\000\040\000F\000u\000r\000t\000h\000e\000r\000\040\000W\000o\000r\000k}{}% 34
